<?xml version="1.0" encoding="UTF-8"?>
<!-- Generated by org.testng.reporters.JUnitReportReporter -->
<testsuite skipped="0" hostname="DESKTOP-K2S6MKB" name="mavenUdemy.ValidateNavBar" tests="1" failures="0" timestamp="14 Jan 2020 16:29:10 GMT" time="11.927" errors="0">
  <testcase name="basePagenavigation" time="11.927" classname="mavenUdemy.ValidateNavBar"/>
</testsuite> <!-- mavenUdemy.ValidateNavBar -->
