<?xml version="1.0" encoding="UTF-8"?>
<!-- Generated by org.testng.reporters.JUnitReportReporter -->
<testsuite skipped="0" hostname="DESKTOP-K2S6MKB" name="mavenUdemy.HomePage" tests="1" failures="0" timestamp="14 Jan 2020 16:29:10 GMT" time="14.410" errors="0">
  <testcase name="basePagenavigation" time="14.410" classname="mavenUdemy.HomePage"/>
</testsuite> <!-- mavenUdemy.HomePage -->
