<?xml version="1.0" encoding="UTF-8"?>
<!-- Generated by org.testng.reporters.JUnitReportReporter -->
<testsuite skipped="0" hostname="DESKTOP-K2S6MKB" name="mavenUdemy.ValidateNavBar" tests="1" failures="0" timestamp="13 Jan 2020 19:10:11 GMT" time="11.068" errors="0">
  <testcase name="basePagenavigation" time="11.068" classname="mavenUdemy.ValidateNavBar"/>
</testsuite> <!-- mavenUdemy.ValidateNavBar -->
