<?xml version="1.0" encoding="UTF-8"?>
<!-- Generated by org.testng.reporters.JUnitReportReporter -->
<testsuite skipped="0" hostname="DESKTOP-K2S6MKB" name="mavenUdemy.HomePage" tests="1" failures="0" timestamp="13 Jan 2020 19:10:11 GMT" time="15.590" errors="0">
  <testcase name="basePagenavigation" time="15.590" classname="mavenUdemy.HomePage"/>
</testsuite> <!-- mavenUdemy.HomePage -->
